{"level":30,"time":1779515232230,"pid":24048,"hostname":"LAPTOP-KR51FAIO","msg":"Server is running on port 8000 in development mode"}
{"level":30,"time":1779515236429,"pid":25852,"hostname":"LAPTOP-KR51FAIO","msg":"Server is running on port 8000 in development mode"}
{"level":30,"time":1779515238606,"pid":12712,"hostname":"LAPTOP-KR51FAIO","msg":"Server is running on port 8000 in development mode"}
{"level":30,"time":1779515239955,"pid":19536,"hostname":"LAPTOP-KR51FAIO","msg":"Server is running on port 8000 in development mode"}
{"level":30,"time":1779515242071,"pid":25756,"hostname":"LAPTOP-KR51FAIO","msg":"Server is running on port 8000 in development mode"}
{"level":30,"time":1779515250166,"pid":13584,"hostname":"LAPTOP-KR51FAIO","msg":"Server is running on port 8000 in development mode"}
{"level":30,"time":1779515290024,"pid":14712,"hostname":"LAPTOP-KR51FAIO","msg":"Server is running on port 8000 in development mode"}
{"level":30,"time":1779515294839,"pid":26400,"hostname":"LAPTOP-KR51FAIO","msg":"Server is running on port 8000 in development mode"}
{"level":40,"time":1779515314525,"pid":26400,"hostname":"LAPTOP-KR51FAIO","msg":"Shutting down server..."}
{"level":30,"time":1779515314530,"pid":26400,"hostname":"LAPTOP-KR51FAIO","msg":"Server shut down gracefully."}
{"level":30,"time":1779515319134,"pid":16024,"hostname":"LAPTOP-KR51FAIO","msg":"Server is running on port 8000 in development mode"}
{"level":30,"time":"2026-05-23T05:51:55.130Z","msg":"Server is running on port 8000 in development mode"}
{"level":30,"time":"2026-05-23T05:51:58.993Z","msg":"Server is running on port 8000 in development mode"}
{"level":30,"time":"2026-05-23T05:52:03.976Z","msg":"Server is running on port 8000 in development mode"}
{"level":30,"time":"2026-05-23T05:52:09.720Z","msg":"Server is running on port 8000 in development mode"}
{"level":30,"time":"2026-05-23T05:52:11.284Z","msg":"Server is running on port 8000 in development mode"}
{"level":30,"time":"2026-05-23T05:52:13.171Z","msg":"Server is running on port 8000 in development mode"}
{"level":30,"time":"2026-05-23T05:52:17.211Z","msg":"Server is running on port 8000 in development mode"}
{"level":30,"time":"2026-05-23T05:52:20.630Z","msg":"Server is running on port 8000 in development mode"}
{"level":30,"time":"2026-05-23T05:52:24.276Z","msg":"Server is running on port 8000 in development mode"}
{"level":30,"time":"2026-05-23T05:52:54.479Z","msg":"Server is running on port 8000 in development mode"}
{"level":30,"time":"2026-05-23T05:53:00.587Z","msg":"Server is running on port 8000 in development mode"}
{"level":30,"time":"2026-05-23T05:53:03.437Z","msg":"Server is running on port 8000 in development mode"}
{"level":30,"time":"2026-05-23T05:53:04.973Z","msg":"Server is running on port 8000 in development mode"}
{"level":30,"time":"2026-05-23T05:53:06.837Z","msg":"Server is running on port 8000 in development mode"}
{"level":30,"time":"2026-05-23T05:53:09.477Z","msg":"Server is running on port 8000 in development mode"}
{"level":30,"time":"2026-05-23T05:53:11.003Z","msg":"Server is running on port 8000 in development mode"}
{"level":30,"time":"2026-05-23T05:53:13.877Z","msg":"Server is running on port 8000 in development mode"}
{"level":30,"time":"2026-05-23T05:53:16.401Z","msg":"Server is running on port 8000 in development mode"}
{"level":30,"time":"2026-05-23T05:53:20.948Z","msg":"Server is running on port 8000 in development mode"}
{"level":30,"time":"2026-05-23T05:53:22.218Z","msg":"Server is running on port 8000 in development mode"}
{"level":30,"time":"2026-05-23T05:53:24.838Z","msg":"Server is running on port 8000 in development mode"}
{"level":30,"time":"2026-05-23T05:53:37.970Z","msg":"Server is running on port 8000 in development mode"}
{"level":30,"time":"2026-05-23T05:53:39.152Z","msg":"Server is running on port 8000 in development mode"}
{"level":30,"time":"2026-05-23T05:57:23.563Z","msg":"Server is running on port 8000 in development mode"}
{"level":30,"time":"2026-05-23T05:57:41.742Z","msg":"Server is running on port 8000 in development mode"}
{"level":30,"time":"2026-05-23T05:57:44.346Z","msg":"Server is running on port 8000 in development mode"}
{"level":30,"time":"2026-05-23T05:57:54.569Z","msg":"Server is running on port 8000 in development mode"}
{"level":30,"time":"2026-05-23T05:58:00.259Z","msg":"Server is running on port 8000 in development mode"}
{"level":30,"time":"2026-05-23T05:58:23.377Z","msg":"Server is running on port 8000 in development mode"}
{"level":30,"time":"2026-05-23T05:58:26.995Z","msg":"Server is running on port 8000 in development mode"}
{"level":30,"time":"2026-05-23T05:58:28.424Z","msg":"Server is running on port 8000 in development mode"}
{"level":30,"time":"2026-05-23T05:58:36.378Z","msg":"Server is running on port 8000 in development mode"}
{"level":30,"time":"2026-05-23T05:58:38.781Z","msg":"Server is running on port 8000 in development mode"}
{"level":30,"time":"2026-05-23T05:58:40.170Z","msg":"Server is running on port 8000 in development mode"}
{"level":30,"time":"2026-05-23T05:58:42.309Z","msg":"Server is running on port 8000 in development mode"}
{"level":30,"time":"2026-05-23T05:58:43.439Z","msg":"Server is running on port 8000 in development mode"}
{"level":30,"time":"2026-05-23T05:58:49.886Z","msg":"Server is running on port 8000 in development mode"}
{"level":30,"time":"2026-05-23T05:58:55.192Z","msg":"Server is running on port 8000 in development mode"}
{"level":30,"time":"2026-05-23T05:59:06.889Z","msg":"Server is running on port 8000 in development mode"}
{"level":30,"time":"2026-05-23T05:59:09.363Z","msg":"Server is running on port 8000 in development mode"}
{"level":30,"time":"2026-05-23T05:59:11.681Z","msg":"Server is running on port 8000 in development mode"}
{"level":30,"time":"2026-05-23T05:59:24.553Z","msg":"Server is running on port 8000 in development mode"}
{"level":30,"time":"2026-05-23T05:59:26.783Z","msg":"Server is running on port 8000 in development mode"}
{"level":30,"time":"2026-05-23T05:59:30.955Z","msg":"Server is running on port 8000 in development mode"}
{"level":30,"time":"2026-05-23T05:59:32.803Z","msg":"Server is running on port 8000 in development mode"}
{"level":30,"time":"2026-05-23T05:59:35.774Z","msg":"Server is running on port 8000 in development mode"}
{"level":30,"time":"2026-05-23T05:59:37.150Z","msg":"Server is running on port 8000 in development mode"}
{"level":30,"time":"2026-05-23T06:02:21.566Z","msg":"Server is running on port 8000 in development mode"}
{"level":30,"time":"2026-05-23T06:02:31.924Z","msg":"Server is running on port 8000 in development mode"}
{"level":30,"time":"2026-05-23T06:02:35.193Z","msg":"Server is running on port 8000 in development mode"}
{"level":30,"time":"2026-05-23T06:02:40.352Z","msg":"Server is running on port 8000 in development mode"}
{"level":30,"time":"2026-05-23T06:02:53.712Z","msg":"Server is running on port 8000 in development mode"}
{"level":30,"time":"2026-05-23T06:03:00.359Z","msg":"Server is running on port 8000 in development mode"}
{"level":30,"time":"2026-05-23T06:03:02.625Z","msg":"Server is running on port 8000 in development mode"}
{"level":30,"time":"2026-05-23T06:03:08.168Z","msg":"Server is running on port 8000 in development mode"}
{"level":30,"time":"2026-05-23T06:03:11.848Z","msg":"Server is running on port 8000 in development mode"}
{"level":30,"time":"2026-05-23T06:03:14.261Z","msg":"Server is running on port 8000 in development mode"}
{"level":30,"time":"2026-05-23T06:03:40.410Z","msg":"Server is running on port 8000 in development mode"}
{"level":30,"time":"2026-05-23T06:03:41.603Z","msg":"Server is running on port 8000 in development mode"}
{"level":30,"time":"2026-05-23T06:03:45.900Z","msg":"Server is running on port 8000 in development mode"}
{"level":30,"time":"2026-05-23T06:03:50.228Z","msg":"Server is running on port 8000 in development mode"}
{"level":30,"time":"2026-05-23T06:03:51.200Z","msg":"Server is running on port 8000 in development mode"}
{"level":30,"time":"2026-05-23T06:03:52.852Z","msg":"Server is running on port 8000 in development mode"}
{"level":30,"time":"2026-05-23T06:03:54.212Z","msg":"Server is running on port 8000 in development mode"}
{"level":30,"time":"2026-05-23T06:06:07.733Z","msg":"Server is running on port 8000 in development mode"}
{"level":30,"time":"2026-05-23T06:06:19.060Z","msg":"Server is running on port 8000 in development mode"}
{"level":30,"time":"2026-05-23T06:06:25.214Z","msg":"Server is running on port 8000 in development mode"}
{"level":30,"time":"2026-05-23T06:06:26.828Z","msg":"Server is running on port 8000 in development mode"}
{"level":30,"time":"2026-05-23T06:06:42.754Z","msg":"Server is running on port 8000 in development mode"}
{"level":30,"time":"2026-05-23T06:06:45.364Z","msg":"Server is running on port 8000 in development mode"}
{"level":30,"time":"2026-05-23T06:06:51.070Z","msg":"Server is running on port 8000 in development mode"}
{"level":30,"time":"2026-05-23T06:06:52.149Z","msg":"Server is running on port 8000 in development mode"}
{"level":30,"time":"2026-05-23T06:06:53.523Z","msg":"Server is running on port 8000 in development mode"}
{"level":30,"time":"2026-05-23T06:07:03.427Z","msg":"Server is running on port 8000 in development mode"}
{"level":30,"time":"2026-05-23T06:07:09.114Z","msg":"Server is running on port 8000 in development mode"}
{"level":30,"time":"2026-05-23T06:07:10.474Z","msg":"Server is running on port 8000 in development mode"}
{"level":30,"time":"2026-05-23T06:07:12.535Z","msg":"Server is running on port 8000 in development mode"}
{"level":30,"time":"2026-05-23T06:07:14.325Z","msg":"Server is running on port 8000 in development mode"}
{"level":30,"time":"2026-05-23T06:07:15.721Z","msg":"Server is running on port 8000 in development mode"}
{"level":30,"time":"2026-05-23T06:07:23.926Z","msg":"Server is running on port 8000 in development mode"}
{"level":30,"time":"2026-05-23T06:07:25.539Z","msg":"Server is running on port 8000 in development mode"}
{"level":30,"time":"2026-05-23T06:07:28.130Z","msg":"Server is running on port 8000 in development mode"}
{"level":30,"time":"2026-05-23T06:07:38.954Z","msg":"Server is running on port 8000 in development mode"}
{"level":30,"time":"2026-05-23T06:08:09.510Z","msg":"Server is running on port 8000 in development mode"}
{"level":30,"time":"2026-05-23T06:08:40.303Z","msg":"Server is running on port 8000 in development mode"}
{"level":30,"time":"2026-05-23T06:08:43.405Z","msg":"Server is running on port 8000 in development mode"}
{"level":30,"time":"2026-05-23T06:08:54.678Z","msg":"Server is running on port 8000 in development mode"}
{"level":30,"time":"2026-05-23T06:08:57.219Z","msg":"Server is running on port 8000 in development mode"}
{"level":30,"time":"2026-05-23T06:09:06.031Z","msg":"Server is running on port 8000 in development mode"}
{"level":30,"time":"2026-05-23T06:09:07.281Z","msg":"Server is running on port 8000 in development mode"}
{"level":30,"time":"2026-05-23T06:09:08.804Z","msg":"Server is running on port 8000 in development mode"}
{"level":30,"time":"2026-05-23T06:09:09.866Z","msg":"Server is running on port 8000 in development mode"}
{"level":30,"time":"2026-05-23T06:09:11.788Z","msg":"Server is running on port 8000 in development mode"}
{"level":30,"time":"2026-05-23T06:09:13.124Z","msg":"Server is running on port 8000 in development mode"}
{"level":30,"time":"2026-05-23T06:09:25.768Z","msg":"Server is running on port 8000 in development mode"}
{"level":30,"time":"2026-05-23T06:09:27.481Z","msg":"Server is running on port 8000 in development mode"}
{"level":30,"time":"2026-05-23T06:09:35.392Z","msg":"Server is running on port 8000 in development mode"}
{"level":30,"time":"2026-05-23T06:09:36.708Z","msg":"Server is running on port 8000 in development mode"}
{"level":30,"time":"2026-05-23T06:09:45.236Z","msg":"Server is running on port 8000 in development mode"}
{"level":30,"time":"2026-05-23T06:09:52.188Z","msg":"Server is running on port 8000 in development mode"}
{"level":30,"time":"2026-05-23T06:09:59.016Z","msg":"Server is running on port 8000 in development mode"}
{"level":30,"time":"2026-05-23T06:10:02.525Z","msg":"Server is running on port 8000 in development mode"}
{"level":30,"time":"2026-05-23T06:10:03.613Z","msg":"Server is running on port 8000 in development mode"}
{"level":30,"time":"2026-05-23T06:10:15.229Z","msg":"Server is running on port 8000 in development mode"}
{"level":30,"time":"2026-05-23T06:10:16.643Z","msg":"Server is running on port 8000 in development mode"}
{"level":30,"time":"2026-05-23T06:10:19.292Z","msg":"Server is running on port 8000 in development mode"}
{"level":30,"time":"2026-05-23T06:10:37.323Z","msg":"Server is running on port 8000 in development mode"}
{"level":30,"time":"2026-05-23T06:10:39.223Z","msg":"Server is running on port 8000 in development mode"}
{"level":30,"time":"2026-05-23T06:11:01.822Z","msg":"Server is running on port 8000 in development mode"}
{"level":30,"time":"2026-05-23T06:11:13.403Z","msg":"Server is running on port 8000 in development mode"}
{"level":30,"time":"2026-05-23T06:11:14.940Z","msg":"Server is running on port 8000 in development mode"}
{"level":30,"time":"2026-05-23T06:11:19.514Z","msg":"Server is running on port 8000 in development mode"}
{"level":30,"time":"2026-05-23T06:12:25.434Z","msg":"Server is running on port 8000 in development mode"}
{"level":30,"time":"2026-05-23T06:12:28.746Z","msg":"Server is running on port 8000 in development mode"}
{"level":30,"time":"2026-05-23T06:12:32.249Z","msg":"Server is running on port 8000 in development mode"}
{"level":30,"time":"2026-05-23T06:14:52.497Z","msg":"Server is running on port 8000 in development mode"}
{"level":30,"time":"2026-05-23T06:15:02.677Z","msg":"Server is running on port 8000 in development mode"}
{"level":30,"time":"2026-05-23T06:15:04.576Z","msg":"Server is running on port 8000 in development mode"}
{"level":30,"time":"2026-05-23T06:15:07.561Z","msg":"Server is running on port 8000 in development mode"}
{"level":30,"time":"2026-05-23T06:15:23.869Z","msg":"Server is running on port 8000 in development mode"}
{"level":30,"time":"2026-05-23T06:15:32.151Z","msg":"Server is running on port 8000 in development mode"}
{"level":30,"time":"2026-05-23T06:15:34.526Z","msg":"Server is running on port 8000 in development mode"}
{"level":30,"time":"2026-05-23T06:15:36.823Z","msg":"Server is running on port 8000 in development mode"}
{"level":30,"time":"2026-05-23T06:30:59.225Z","msg":"Server is running on port 8000 in development mode"}
{"level":30,"time":"2026-05-23T19:43:39.087Z","msg":"Server is running on port 8000 in development mode"}
{"level":30,"time":"2026-05-23T19:44:11.577Z","msg":"Server is running on port 8000 in development mode"}
{"level":30,"time":"2026-05-23T19:44:12.755Z","msg":"Server is running on port 8000 in development mode"}
{"level":30,"time":"2026-05-23T19:59:06.605Z","msg":"Server is running on port 8000 in development mode"}
{"level":30,"time":"2026-05-23T20:02:41.468Z","msg":"Server is running on port 8000 in development mode"}
{"level":30,"time":"2026-05-23T20:02:53.383Z","msg":"Server is running on port 8000 in development mode"}
{"level":30,"time":"2026-05-23T20:02:55.127Z","msg":"Server is running on port 8000 in development mode"}
{"level":30,"time":"2026-05-23T20:03:33.656Z","msg":"Server is running on port 8000 in development mode"}
{"level":30,"time":"2026-05-23T20:03:35.496Z","msg":"Server is running on port 8000 in development mode"}
{"level":30,"time":"2026-05-23T20:03:37.240Z","msg":"Server is running on port 8000 in development mode"}
{"level":30,"time":"2026-05-23T20:03:39.558Z","msg":"Server is running on port 8000 in development mode"}
{"level":30,"time":"2026-05-23T20:05:01.190Z","msg":"Server is running on port 8000 in development mode"}
{"level":30,"time":"2026-05-23T20:06:30.860Z","msg":"Server is running on port 8000 in development mode"}
{"level":30,"time":"2026-05-23T20:06:32.220Z","msg":"Server is running on port 8000 in development mode"}
{"level":30,"time":"2026-05-23T20:06:39.830Z","msg":"Server is running on port 8000 in development mode"}
{"level":30,"time":"2026-05-23T20:06:50.665Z","msg":"Server is running on port 8000 in development mode"}
{"level":30,"time":"2026-05-23T20:07:29.659Z","msg":"Server is running on port 8000 in development mode"}
{"level":30,"time":"2026-05-23T20:08:24.154Z","msg":"Server is running on port 8000 in development mode"}
{"level":30,"time":"2026-05-23T20:08:41.634Z","msg":"Server is running on port 8000 in development mode"}
{"level":30,"time":"2026-05-23T20:08:45.247Z","msg":"Server is running on port 8000 in development mode"}
{"level":30,"time":"2026-05-23T20:08:46.823Z","msg":"Server is running on port 8000 in development mode"}
{"level":30,"time":"2026-05-23T20:08:50.644Z","msg":"Server is running on port 8000 in development mode"}
{"level":30,"time":"2026-05-23T20:09:01.347Z","msg":"Server is running on port 8000 in development mode"}
{"level":30,"time":"2026-05-23T20:09:07.905Z","msg":"Server is running on port 8000 in development mode"}
{"level":30,"time":"2026-05-23T20:09:08.917Z","msg":"Server is running on port 8000 in development mode"}
{"level":30,"time":"2026-05-23T20:09:10.394Z","msg":"Server is running on port 8000 in development mode"}
{"level":30,"time":"2026-05-23T20:09:11.992Z","msg":"Server is running on port 8000 in development mode"}
{"level":30,"time":"2026-05-23T20:09:25.212Z","msg":"Server is running on port 8000 in development mode"}
{"level":30,"time":"2026-05-23T20:09:26.676Z","msg":"Server is running on port 8000 in development mode"}
{"level":30,"time":"2026-05-23T20:09:29.169Z","msg":"Server is running on port 8000 in development mode"}
{"level":30,"time":"2026-05-23T20:10:07.651Z","msg":"Server is running on port 8000 in development mode"}
{"level":30,"time":"2026-05-23T20:11:16.777Z","msg":"Server is running on port 8000 in development mode"}
{"level":30,"time":"2026-05-23T20:11:18.765Z","msg":"Server is running on port 8000 in development mode"}
{"level":30,"time":"2026-05-23T20:11:29.721Z","msg":"Server is running on port 8000 in development mode"}
{"level":30,"time":"2026-05-23T20:11:32.305Z","msg":"Server is running on port 8000 in development mode"}
{"level":30,"time":"2026-05-23T20:11:34.313Z","msg":"Server is running on port 8000 in development mode"}
{"level":30,"time":"2026-05-23T20:11:35.975Z","msg":"Server is running on port 8000 in development mode"}
{"level":30,"time":"2026-05-23T20:11:39.965Z","msg":"Server is running on port 8000 in development mode"}
{"level":30,"time":"2026-05-23T20:11:45.012Z","msg":"Server is running on port 8000 in development mode"}
{"level":30,"time":"2026-05-23T20:13:22.307Z","msg":"Server is running on port 8000 in development mode"}
{"level":30,"time":"2026-05-23T20:13:25.738Z","msg":"Server is running on port 8000 in development mode"}
{"level":30,"time":"2026-05-23T20:16:06.717Z","msg":"Server is running on port 8000 in development mode"}
{"level":30,"time":"2026-05-23T20:16:09.196Z","msg":"Server is running on port 8000 in development mode"}
{"level":30,"time":"2026-05-23T20:16:10.564Z","msg":"Server is running on port 8000 in development mode"}
{"level":30,"time":"2026-05-23T20:16:27.802Z","msg":"Server is running on port 8000 in development mode"}
{"level":30,"time":"2026-05-23T20:16:47.481Z","msg":"Server is running on port 8000 in development mode"}
{"level":30,"time":"2026-05-23T20:16:53.470Z","msg":"Server is running on port 8000 in development mode"}
{"level":30,"time":"2026-05-23T20:16:54.510Z","msg":"Server is running on port 8000 in development mode"}
{"level":30,"time":"2026-05-23T20:16:55.984Z","msg":"Server is running on port 8000 in development mode"}
{"level":30,"time":"2026-05-23T20:17:10.230Z","msg":"Server is running on port 8000 in development mode"}
{"level":30,"time":"2026-05-23T20:17:12.627Z","msg":"Server is running on port 8000 in development mode"}
{"level":30,"time":"2026-05-23T20:17:26.638Z","msg":"Server is running on port 8000 in development mode"}
{"level":30,"time":"2026-05-23T20:17:35.427Z","msg":"Server is running on port 8000 in development mode"}
{"level":30,"time":"2026-05-23T20:17:37.112Z","msg":"Server is running on port 8000 in development mode"}
{"level":30,"time":"2026-05-23T20:17:38.593Z","msg":"Server is running on port 8000 in development mode"}
{"level":30,"time":"2026-05-23T20:17:40.603Z","msg":"Server is running on port 8000 in development mode"}
{"level":30,"time":"2026-05-23T20:17:44.262Z","msg":"Server is running on port 8000 in development mode"}
{"level":30,"time":"2026-05-23T20:18:35.407Z","msg":"Server is running on port 8000 in development mode"}
{"level":30,"time":"2026-05-23T20:18:36.828Z","msg":"Server is running on port 8000 in development mode"}
{"level":30,"time":"2026-05-23T20:18:39.589Z","msg":"Server is running on port 8000 in development mode"}
{"level":30,"time":"2026-05-23T20:18:43.996Z","msg":"Server is running on port 8000 in development mode"}
{"level":30,"time":"2026-05-23T20:18:46.978Z","msg":"Server is running on port 8000 in development mode"}
{"level":30,"time":"2026-05-23T20:18:54.337Z","msg":"Server is running on port 8000 in development mode"}
{"level":30,"time":"2026-05-23T20:18:59.348Z","msg":"Server is running on port 8000 in development mode"}
{"level":30,"time":"2026-05-23T20:19:07.967Z","msg":"Server is running on port 8000 in development mode"}
{"level":30,"time":"2026-05-23T20:19:11.551Z","msg":"Server is running on port 8000 in development mode"}
{"level":30,"time":"2026-05-23T20:19:13.907Z","msg":"Server is running on port 8000 in development mode"}
{"level":30,"time":"2026-05-23T20:19:17.279Z","msg":"Server is running on port 8000 in development mode"}
{"level":30,"time":"2026-05-23T20:19:28.564Z","msg":"Server is running on port 8000 in development mode"}
{"level":30,"time":"2026-05-23T20:19:36.600Z","msg":"Server is running on port 8000 in development mode"}
{"level":30,"time":"2026-05-23T20:19:39.543Z","msg":"Server is running on port 8000 in development mode"}
{"level":30,"time":"2026-05-23T20:19:47.518Z","msg":"Server is running on port 8000 in development mode"}
{"level":30,"time":"2026-05-23T20:19:49.800Z","msg":"Server is running on port 8000 in development mode"}
{"level":30,"time":"2026-05-23T20:20:05.359Z","msg":"Server is running on port 8000 in development mode"}
{"level":30,"time":"2026-05-23T20:20:09.259Z","msg":"Server is running on port 8000 in development mode"}
{"level":30,"time":"2026-05-23T20:20:14.059Z","msg":"Server is running on port 8000 in development mode"}
{"level":30,"time":"2026-05-23T20:20:15.218Z","msg":"Server is running on port 8000 in development mode"}
{"level":30,"time":"2026-05-23T20:20:24.541Z","msg":"Server is running on port 8000 in development mode"}
{"level":30,"time":"2026-05-23T20:20:28.379Z","msg":"Server is running on port 8000 in development mode"}
{"level":30,"time":"2026-05-23T20:20:39.923Z","msg":"Server is running on port 8000 in development mode"}
{"level":30,"time":"2026-05-23T20:20:42.549Z","msg":"Server is running on port 8000 in development mode"}
{"level":30,"time":"2026-05-23T20:20:44.851Z","msg":"Server is running on port 8000 in development mode"}
{"level":30,"time":"2026-05-23T20:20:53.546Z","msg":"Server is running on port 8000 in development mode"}
{"level":30,"time":"2026-05-23T20:20:56.758Z","msg":"Server is running on port 8000 in development mode"}
{"level":30,"time":"2026-05-23T20:21:01.336Z","msg":"Server is running on port 8000 in development mode"}
{"level":30,"time":"2026-05-23T20:21:09.974Z","msg":"Server is running on port 8000 in development mode"}
{"level":30,"time":"2026-05-23T20:21:19.316Z","msg":"Server is running on port 8000 in development mode"}
{"level":30,"time":"2026-05-23T20:21:21.782Z","msg":"Server is running on port 8000 in development mode"}
{"level":30,"time":"2026-05-23T20:21:49.383Z","msg":"Server is running on port 8000 in development mode"}
{"level":30,"time":"2026-05-23T20:21:51.740Z","msg":"Server is running on port 8000 in development mode"}
{"level":30,"time":"2026-05-23T20:21:57.059Z","msg":"Server is running on port 8000 in development mode"}
{"level":30,"time":"2026-05-23T20:22:09.589Z","msg":"Server is running on port 8000 in development mode"}
{"level":30,"time":"2026-05-23T20:22:15.237Z","msg":"Server is running on port 8000 in development mode"}
{"level":30,"time":"2026-05-23T20:22:17.405Z","msg":"Server is running on port 8000 in development mode"}
{"level":30,"time":"2026-05-23T20:22:21.296Z","msg":"Server is running on port 8000 in development mode"}
{"level":30,"time":"2026-05-23T20:22:23.933Z","msg":"Server is running on port 8000 in development mode"}
{"level":30,"time":"2026-05-23T20:22:26.470Z","msg":"Server is running on port 8000 in development mode"}
{"level":30,"time":"2026-05-23T20:22:34.434Z","msg":"Server is running on port 8000 in development mode"}
{"level":30,"time":"2026-05-23T20:22:41.707Z","msg":"Server is running on port 8000 in development mode"}
{"level":30,"time":"2026-05-23T20:22:44.805Z","msg":"Server is running on port 8000 in development mode"}
{"level":30,"time":"2026-05-23T20:22:46.992Z","msg":"Server is running on port 8000 in development mode"}
{"level":30,"time":"2026-05-23T20:22:48.067Z","msg":"Server is running on port 8000 in development mode"}
{"level":30,"time":"2026-05-23T20:22:51.573Z","msg":"Server is running on port 8000 in development mode"}
{"level":30,"time":"2026-05-23T20:22:54.030Z","msg":"Server is running on port 8000 in development mode"}
{"level":30,"time":"2026-05-23T20:22:55.360Z","msg":"Server is running on port 8000 in development mode"}
{"level":30,"time":"2026-05-23T20:22:56.914Z","msg":"Server is running on port 8000 in development mode"}
{"level":30,"time":"2026-05-23T20:22:59.228Z","msg":"Server is running on port 8000 in development mode"}
{"level":30,"time":"2026-05-23T20:23:00.682Z","msg":"Server is running on port 8000 in development mode"}
{"level":30,"time":"2026-05-23T20:23:03.559Z","msg":"Server is running on port 8000 in development mode"}
{"level":30,"time":"2026-05-23T20:23:08.067Z","msg":"Server is running on port 8000 in development mode"}
{"level":30,"time":"2026-05-23T20:23:11.943Z","msg":"Server is running on port 8000 in development mode"}
{"level":30,"time":"2026-05-23T20:23:13.130Z","msg":"Server is running on port 8000 in development mode"}
{"level":30,"time":"2026-05-23T20:23:19.054Z","msg":"Server is running on port 8000 in development mode"}
{"level":30,"time":"2026-05-23T20:23:27.574Z","msg":"Server is running on port 8000 in development mode"}
{"level":30,"time":"2026-05-23T20:23:28.714Z","msg":"Server is running on port 8000 in development mode"}
{"level":30,"time":"2026-05-23T20:23:31.316Z","msg":"Server is running on port 8000 in development mode"}
{"level":30,"time":"2026-05-23T20:23:33.735Z","msg":"Server is running on port 8000 in development mode"}
{"level":30,"time":"2026-05-23T20:23:35.211Z","msg":"Server is running on port 8000 in development mode"}
{"level":30,"time":"2026-05-23T20:23:37.489Z","msg":"Server is running on port 8000 in development mode"}
{"level":30,"time":"2026-05-23T20:23:44.262Z","msg":"Server is running on port 8000 in development mode"}
{"level":30,"time":"2026-05-23T20:23:47.389Z","msg":"Server is running on port 8000 in development mode"}
{"level":30,"time":"2026-05-23T20:23:49.269Z","msg":"Server is running on port 8000 in development mode"}
{"level":30,"time":"2026-05-23T20:23:54.837Z","msg":"Server is running on port 8000 in development mode"}
{"level":30,"time":"2026-05-23T20:23:59.833Z","msg":"Server is running on port 8000 in development mode"}
{"level":30,"time":"2026-05-23T20:24:01.575Z","msg":"Server is running on port 8000 in development mode"}
{"level":30,"time":"2026-05-23T20:24:03.881Z","msg":"Server is running on port 8000 in development mode"}
{"level":30,"time":"2026-05-23T20:24:13.512Z","msg":"Server is running on port 8000 in development mode"}
{"level":30,"time":"2026-05-23T20:24:20.649Z","msg":"Server is running on port 8000 in development mode"}
{"level":30,"time":"2026-05-23T20:24:44.693Z","msg":"Server is running on port 8000 in development mode"}
{"level":30,"time":"2026-05-23T20:24:53.240Z","msg":"Server is running on port 8000 in development mode"}
{"level":30,"time":"2026-05-23T20:25:01.103Z","msg":"Server is running on port 8000 in development mode"}
{"level":30,"time":"2026-05-23T20:25:02.821Z","msg":"Server is running on port 8000 in development mode"}
{"level":30,"time":"2026-05-23T20:25:03.814Z","msg":"Server is running on port 8000 in development mode"}
{"level":30,"time":"2026-05-23T20:25:06.686Z","msg":"Server is running on port 8000 in development mode"}
{"level":30,"time":"2026-05-23T20:25:08.619Z","msg":"Server is running on port 8000 in development mode"}
{"level":30,"time":"2026-05-23T20:25:11.262Z","msg":"Server is running on port 8000 in development mode"}
{"level":30,"time":"2026-05-23T20:25:13.760Z","msg":"Server is running on port 8000 in development mode"}
{"level":30,"time":"2026-05-23T20:25:16.043Z","msg":"Server is running on port 8000 in development mode"}
{"level":30,"time":"2026-05-23T20:25:21.187Z","msg":"Server is running on port 8000 in development mode"}
{"level":30,"time":"2026-05-23T20:25:27.176Z","msg":"Server is running on port 8000 in development mode"}
{"level":30,"time":"2026-05-23T20:25:35.457Z","msg":"Server is running on port 8000 in development mode"}
{"level":30,"time":"2026-05-23T20:25:38.802Z","msg":"Server is running on port 8000 in development mode"}
{"level":30,"time":"2026-05-23T20:25:42.098Z","msg":"Server is running on port 8000 in development mode"}
{"level":30,"time":"2026-05-23T20:25:56.036Z","msg":"Server is running on port 8000 in development mode"}
{"level":30,"time":"2026-05-23T20:26:00.371Z","msg":"Server is running on port 8000 in development mode"}
{"level":30,"time":"2026-05-23T20:26:02.132Z","msg":"Server is running on port 8000 in development mode"}
{"level":50,"time":"2026-05-23T20:26:02.138Z","message":"MongoDB connection failed","error":"querySrv ECONNREFUSED _mongodb._tcp.cluster0.a7fjczx.mongodb.net"}
{"level":30,"time":"2026-05-23T20:26:03.149Z","msg":"Server is running on port 8000 in development mode"}
{"level":50,"time":"2026-05-23T20:26:03.153Z","message":"MongoDB connection failed","error":"querySrv ECONNREFUSED _mongodb._tcp.cluster0.a7fjczx.mongodb.net"}
{"level":30,"time":"2026-05-23T20:27:43.089Z","msg":"Server is running on port 8000 in development mode"}
{"level":50,"time":"2026-05-23T20:27:43.095Z","message":"MongoDB connection failed","error":"querySrv ECONNREFUSED _mongodb._tcp.cluster0.a7fjczx.mongodb.net"}
{"level":30,"time":"2026-05-23T20:27:46.726Z","msg":"Server is running on port 8000 in development mode"}
{"level":50,"time":"2026-05-23T20:27:46.731Z","message":"MongoDB connection failed","error":"querySrv ECONNREFUSED _mongodb._tcp.cluster0.a7fjczx.mongodb.net"}
{"level":30,"time":"2026-05-23T20:27:50.455Z","msg":"Server is running on port 8000 in development mode"}
{"level":50,"time":"2026-05-23T20:27:50.458Z","message":"MongoDB connection failed","error":"querySrv ECONNREFUSED _mongodb._tcp.cluster0.a7fjczx.mongodb.net"}
{"level":50,"time":"2026-05-23T20:29:54.884Z","message":"MongoDB connection failed","error":"querySrv ECONNREFUSED _mongodb._tcp.cluster0.a7fjczx.mongodb.net"}
{"level":50,"time":"2026-05-23T20:31:32.442Z","message":"MongoDB connection failed","error":"querySrv ECONNREFUSED _mongodb._tcp.cluster0.a7fjczx.mongodb.net"}
{"level":50,"time":"2026-05-23T20:31:39.299Z","message":"MongoDB connection failed","error":"querySrv ECONNREFUSED _mongodb._tcp.cluster0.a7fjczx.mongodb.net"}
{"level":50,"time":"2026-05-23T20:32:36.720Z","message":"MongoDB connection failed","error":"querySrv ECONNREFUSED _mongodb._tcp.cluster0.a7fjczx.mongodb.net"}
{"level":50,"time":"2026-05-23T20:32:38.902Z","message":"MongoDB connection failed","error":"querySrv ECONNREFUSED _mongodb._tcp.cluster0.a7fjczx.mongodb.net"}
{"level":50,"time":"2026-05-23T20:32:44.666Z","message":"MongoDB connection failed","error":"querySrv ECONNREFUSED _mongodb._tcp.cluster0.a7fjczx.mongodb.net"}
{"level":50,"time":"2026-05-23T20:32:52.271Z","message":"MongoDB connection failed","error":"querySrv ECONNREFUSED _mongodb._tcp.cluster0.a7fjczx.mongodb.net"}
{"level":50,"time":"2026-05-23T20:32:54.110Z","message":"MongoDB connection failed","error":"querySrv ECONNREFUSED _mongodb._tcp.cluster0.a7fjczx.mongodb.net"}
{"level":50,"time":"2026-05-23T20:32:56.263Z","message":"MongoDB connection failed","error":"querySrv ECONNREFUSED _mongodb._tcp.cluster0.a7fjczx.mongodb.net"}
{"level":50,"time":"2026-05-23T20:33:01.435Z","message":"MongoDB connection failed","error":"querySrv ECONNREFUSED _mongodb._tcp.cluster0.a7fjczx.mongodb.net"}
{"level":50,"time":"2026-05-23T20:33:10.417Z","message":"MongoDB connection failed","error":"querySrv ECONNREFUSED _mongodb._tcp.cluster0.a7fjczx.mongodb.net"}
{"level":50,"time":"2026-05-23T20:33:18.083Z","message":"MongoDB connection failed","error":"querySrv ECONNREFUSED _mongodb._tcp.cluster0.a7fjczx.mongodb.net"}
{"level":50,"time":"2026-05-23T20:33:19.981Z","message":"MongoDB connection failed","error":"querySrv ECONNREFUSED _mongodb._tcp.cluster0.a7fjczx.mongodb.net"}
{"level":50,"time":"2026-05-23T20:33:24.074Z","message":"MongoDB connection failed","error":"querySrv ECONNREFUSED _mongodb._tcp.cluster0.a7fjczx.mongodb.net"}
{"level":50,"time":"2026-05-23T20:33:25.665Z","message":"MongoDB connection failed","error":"querySrv ECONNREFUSED _mongodb._tcp.cluster0.a7fjczx.mongodb.net"}
{"level":50,"time":"2026-05-23T20:34:03.279Z","message":"MongoDB connection failed","error":"querySrv ECONNREFUSED _mongodb._tcp.cluster0.a7fjczx.mongodb.net"}
{"level":50,"time":"2026-05-23T20:34:12.285Z","message":"MongoDB connection failed","error":"querySrv ECONNREFUSED _mongodb._tcp.cluster0.a7fjczx.mongodb.net"}
{"level":50,"time":"2026-05-23T20:34:30.183Z","message":"MongoDB connection failed","error":"querySrv ECONNREFUSED _mongodb._tcp.cluster0.a7fjczx.mongodb.net"}
{"level":50,"time":"2026-05-23T20:34:36.499Z","message":"MongoDB connection failed","error":"querySrv ECONNREFUSED _mongodb._tcp.cluster0.a7fjczx.mongodb.net"}
{"level":50,"time":"2026-05-23T20:34:38.878Z","message":"MongoDB connection failed","error":"querySrv ECONNREFUSED _mongodb._tcp.cluster0.a7fjczx.mongodb.net"}
{"level":50,"time":"2026-05-23T20:34:44.975Z","message":"MongoDB connection failed","error":"querySrv ECONNREFUSED _mongodb._tcp.cluster0.a7fjczx.mongodb.net"}
{"level":50,"time":"2026-05-23T20:34:54.705Z","message":"MongoDB connection failed","error":"querySrv ECONNREFUSED _mongodb._tcp.cluster0.a7fjczx.mongodb.net"}
{"level":50,"time":"2026-05-23T20:34:55.875Z","message":"MongoDB connection failed","error":"querySrv ECONNREFUSED _mongodb._tcp.cluster0.a7fjczx.mongodb.net"}
{"level":50,"time":"2026-05-23T20:36:53.344Z","message":"MongoDB connection failed","error":"querySrv ECONNREFUSED _mongodb._tcp.cluster0.a7fjczx.mongodb.net"}
{"level":50,"time":"2026-05-23T20:37:08.679Z","message":"MongoDB connection failed","error":"querySrv ECONNREFUSED _mongodb._tcp.cluster0.a7fjczx.mongodb.net"}
{"level":50,"time":"2026-05-23T20:37:11.912Z","message":"MongoDB connection failed","error":"querySrv ECONNREFUSED _mongodb._tcp.cluster0.a7fjczx.mongodb.net"}
{"level":50,"time":"2026-05-23T20:37:15.805Z","message":"MongoDB connection failed","error":"querySrv ECONNREFUSED _mongodb._tcp.cluster0.a7fjczx.mongodb.net"}
{"level":50,"time":"2026-05-23T20:37:19.190Z","message":"MongoDB connection failed","error":"querySrv ECONNREFUSED _mongodb._tcp.cluster0.a7fjczx.mongodb.net"}
{"level":50,"time":"2026-05-23T20:37:21.556Z","message":"MongoDB connection failed","error":"querySrv ECONNREFUSED _mongodb._tcp.cluster0.a7fjczx.mongodb.net"}
{"level":50,"time":"2026-05-23T20:37:24.317Z","message":"MongoDB connection failed","error":"querySrv ECONNREFUSED _mongodb._tcp.cluster0.a7fjczx.mongodb.net"}
{"level":50,"time":"2026-05-23T20:37:26.118Z","message":"MongoDB connection failed","error":"querySrv ECONNREFUSED _mongodb._tcp.cluster0.a7fjczx.mongodb.net"}
{"level":50,"time":"2026-05-23T20:41:25.219Z","message":"MongoDB connection failed","error":"querySrv ECONNREFUSED _mongodb._tcp.cluster0.a7fjczx.mongodb.net"}
{"level":50,"time":"2026-05-23T20:41:34.419Z","message":"MongoDB connection failed","error":"querySrv ECONNREFUSED _mongodb._tcp.cluster0.a7fjczx.mongodb.net"}
{"level":50,"time":"2026-05-23T20:42:53.045Z","message":"MongoDB connection failed","error":"querySrv ECONNREFUSED _mongodb._tcp.cluster0.a7fjczx.mongodb.net"}
{"level":50,"time":"2026-05-23T20:43:33.293Z","message":"MongoDB connection failed","error":"querySrv ECONNREFUSED _mongodb._tcp.cluster0.a7fjczx.mongodb.net"}
{"level":50,"time":"2026-05-23T20:47:14.724Z","message":"MongoDB connection failed","error":"querySrv ECONNREFUSED _mongodb._tcp.cluster0.ls5wpts.mongodb.net"}
{"level":50,"time":"2026-05-23T20:48:36.561Z","message":"MongoDB connection failed","error":"querySrv ECONNREFUSED _mongodb._tcp.cluster0.ls5wpts.mongodb.net"}
{"level":50,"time":"2026-05-23T20:50:20.703Z","message":"MongoDB connection failed","error":"querySrv ECONNREFUSED _mongodb._tcp.cluster0.ls5wpts.mongodb.net"}
{"level":50,"time":"2026-05-23T21:03:34.662Z","message":"MongoDB connection failed","error":"querySrv ECONNREFUSED _mongodb._tcp.cluster0.ls5wpts.mongodb.net"}
{"level":50,"time":"2026-05-23T21:05:06.691Z","message":"MongoDB connection failed","error":"querySrv ECONNREFUSED _mongodb._tcp.cluster0.ls5wpts.mongodb.net"}
{"level":50,"time":"2026-05-23T21:06:02.134Z","message":"MongoDB connection failed","error":"querySrv ECONNREFUSED _mongodb._tcp.cluster0.ls5wpts.mongodb.net"}
{"level":50,"time":"2026-05-23T21:07:00.801Z","message":"MongoDB connection failed","error":"querySrv ECONNREFUSED _mongodb._tcp.cluster0.ls5wpts.mongodb.net"}
{"level":50,"time":"2026-05-23T21:07:59.924Z","message":"MongoDB connection failed","error":"querySrv ECONNREFUSED _mongodb._tcp.cluster0.ls5wpts.mongodb.net"}
{"level":50,"time":"2026-05-23T21:08:30.016Z","message":"MongoDB connection failed","error":"querySrv ECONNREFUSED _mongodb._tcp.cluster0.ls5wpts.mongodb.net"}
{"level":50,"time":"2026-05-24T04:55:42.501Z","message":"MongoDB connection failed","error":"querySrv ECONNREFUSED _mongodb._tcp.cluster0.n6btli1.mongodb.net"}
{"level":50,"time":"2026-05-24T04:56:55.627Z","message":"MongoDB connection failed","error":"querySrv ECONNREFUSED _mongodb._tcp.cluster0.n6btli1.mongodb.net"}
{"level":50,"time":"2026-05-24T04:56:58.081Z","message":"MongoDB connection failed","error":"querySrv ECONNREFUSED _mongodb._tcp.cluster0.n6btli1.mongodb.net"}
{"level":50,"time":"2026-05-24T04:57:05.224Z","message":"MongoDB connection failed","error":"querySrv ECONNREFUSED _mongodb._tcp.cluster0.n6btli1.mongodb.net"}
{"level":50,"time":"2026-05-24T04:57:51.768Z","message":"MongoDB connection failed","error":"querySrv ECONNREFUSED _mongodb._tcp.cluster0.n6btli1.mongodb.net"}
{"level":50,"time":"2026-05-24T04:59:17.192Z","message":"MongoDB connection failed","error":"querySrv ECONNREFUSED _mongodb._tcp.cluster0.n6btli1.mongodb.net"}
{"level":50,"time":"2026-05-24T04:59:18.725Z","message":"MongoDB connection failed","error":"querySrv ECONNREFUSED _mongodb._tcp.cluster0.n6btli1.mongodb.net"}
{"level":50,"time":"2026-05-24T04:59:22.750Z","message":"MongoDB connection failed","error":"querySrv ECONNREFUSED _mongodb._tcp.cluster0.n6btli1.mongodb.net"}
{"level":50,"time":"2026-05-24T04:59:28.842Z","message":"MongoDB connection failed","error":"querySrv ECONNREFUSED _mongodb._tcp.cluster0.n6btli1.mongodb.net"}
{"level":50,"time":"2026-05-24T04:59:31.892Z","message":"MongoDB connection failed","error":"querySrv ECONNREFUSED _mongodb._tcp.cluster0.n6btli1.mongodb.net"}
{"level":50,"time":"2026-05-24T04:59:37.429Z","message":"MongoDB connection failed","error":"querySrv ECONNREFUSED _mongodb._tcp.cluster0.n6btli1.mongodb.net"}
{"level":50,"time":"2026-05-24T04:59:49.012Z","message":"MongoDB connection failed","error":"querySrv ECONNREFUSED _mongodb._tcp.cluster0.n6btli1.mongodb.net"}
{"level":40,"time":"2026-05-24T05:00:38.094Z","msg":"Shutting down server..."}
{"level":30,"time":"2026-05-24T05:00:47.002Z","msg":"MongoDB connected : ac-ukjiqmr-shard-00-01.n6btli1.mongodb.net"}
{"level":30,"time":"2026-05-24T05:00:47.006Z","msg":"Server is running on port 8000 in development mode"}
{"level":30,"time":"2026-05-24T05:02:42.432Z","msg":"MongoDB connected : ac-ukjiqmr-shard-00-00.n6btli1.mongodb.net"}
{"level":30,"time":"2026-05-24T05:02:42.436Z","msg":"Server is running on port 8000 in development mode"}
{"level":30,"time":"2026-05-24T05:02:48.021Z","msg":"MongoDB connected : ac-ukjiqmr-shard-00-00.n6btli1.mongodb.net"}
{"level":30,"time":"2026-05-24T05:02:48.025Z","msg":"Server is running on port 8000 in development mode"}
{"level":30,"time":"2026-05-24T05:02:49.359Z","msg":"MongoDB connected : ac-ukjiqmr-shard-00-00.n6btli1.mongodb.net"}
{"level":30,"time":"2026-05-24T05:02:49.362Z","msg":"Server is running on port 8000 in development mode"}
{"level":30,"time":"2026-05-24T05:02:51.659Z","msg":"MongoDB connected : ac-ukjiqmr-shard-00-00.n6btli1.mongodb.net"}
{"level":30,"time":"2026-05-24T05:02:51.663Z","msg":"Server is running on port 8000 in development mode"}
{"level":30,"time":"2026-05-24T05:03:05.584Z","msg":"MongoDB connected : ac-ukjiqmr-shard-00-02.n6btli1.mongodb.net"}
{"level":30,"time":"2026-05-24T05:03:05.589Z","msg":"Server is running on port 8000 in development mode"}
{"level":40,"time":"2026-05-24T05:06:27.908Z","msg":"MongoDb disconnected..."}
{"level":30,"time":"2026-05-24T05:14:19.088Z","msg":"MongoDB connection established..."}
{"level":40,"time":"2026-05-24T05:15:22.821Z","msg":"Shutting down server..."}
{"level":40,"time":"2026-05-24T05:15:22.828Z","msg":"MongoDb disconnected..."}
{"level":50,"time":"2026-05-24T05:16:14.688Z","message":"MongoDB connection failed","error":"querySrv ECONNREFUSED _mongodb._tcp.cluster0.n6btli1.mongodb.net"}
{"level":30,"time":"2026-05-24T05:16:23.373Z","msg":"MongoDB connected : ac-ukjiqmr-shard-00-00.n6btli1.mongodb.net"}
{"level":30,"time":"2026-05-24T05:16:23.375Z","msg":"Server is running on port 8000 in development mode"}
{"level":40,"time":"2026-05-24T05:16:41.813Z","msg":"MongoDb disconnected..."}
{"level":50,"time":"2026-05-24T05:16:56.055Z","message":"MongoDB connection failed","error":"querySrv ECONNREFUSED _mongodb._tcp.cluster0.n6btli1.mongodb.net"}
{"level":50,"time":"2026-05-24T05:18:22.006Z","message":"MongoDB connection failed","error":"querySrv ECONNREFUSED _mongodb._tcp.cluster0.n6btli1.mongodb.net"}
{"level":30,"time":"2026-05-24T05:18:34.753Z","msg":"MongoDB connected : ac-ukjiqmr-shard-00-00.n6btli1.mongodb.net"}
{"level":30,"time":"2026-05-24T05:18:34.757Z","msg":"Server is running on port 8000 in development mode"}
{"level":50,"time":"2026-05-24T05:18:51.243Z","message":"MongoDB connection failed","error":"querySrv ECONNREFUSED _mongodb._tcp.cluster0.n6btli1.mongodb.net"}
{"level":50,"time":"2026-05-24T05:19:40.956Z","message":"MongoDB connection failed","error":"querySrv ECONNREFUSED _mongodb._tcp.cluster0.n6btli1.mongodb.net"}
{"level":50,"time":"2026-05-24T05:19:50.663Z","message":"MongoDB connection failed","error":"querySrv ECONNREFUSED _mongodb._tcp.cluster0.n6btli1.mongodb.net"}
{"level":50,"time":"2026-05-24T05:20:02.905Z","message":"MongoDB connection failed","error":"querySrv ECONNREFUSED _mongodb._tcp.cluster0.n6btli1.mongodb.net"}
